[INFO] Loading predictions and market data...
Traceback (most recent call last):
  File "/Users/dbzummo/Desktop/NFL_MASTER_FILE/scripts/make_model_lines_and_board.py", line 91, in <module>
    main()
  File "/Users/dbzummo/Desktop/NFL_MASTER_FILE/scripts/make_model_lines_and_board.py", line 63, in main
    preds = load_predictions()
            ^^^^^^^^^^^^^^^^^^
  File "/Users/dbzummo/Desktop/NFL_MASTER_FILE/scripts/make_model_lines_and_board.py", line 28, in load_predictions
    df = pd.read_csv(PRED_FILE)
         ^^^^^^^^^^^^^^^^^^^^^^
  File "/Users/dbzummo/Desktop/NFL_MASTER_FILE/.venv/lib/python3.11/site-packages/pandas/util/_decorators.py", line 211, in wrapper
    return func(*args, **kwargs)
           ^^^^^^^^^^^^^^^^^^^^^
  File "/Users/dbzummo/Desktop/NFL_MASTER_FILE/.venv/lib/python3.11/site-packages/pandas/util/_decorators.py", line 331, in wrapper
    return func(*args, **kwargs)
           ^^^^^^^^^^^^^^^^^^^^^
  File "/Users/dbzummo/Desktop/NFL_MASTER_FILE/.venv/lib/python3.11/site-packages/pandas/io/parsers/readers.py", line 950, in read_csv
    return _read(filepath_or_buffer, kwds)
           ^^^^^^^^^^^^^^^^^^^^^^^^^^^^^^^
  File "/Users/dbzummo/Desktop/NFL_MASTER_FILE/.venv/lib/python3.11/site-packages/pandas/io/parsers/readers.py", line 605, in _read
    parser = TextFileReader(filepath_or_buffer, **kwds)
             ^^^^^^^^^^^^^^^^^^^^^^^^^^^^^^^^^^^^^^^^^^
  File "/Users/dbzummo/Desktop/NFL_MASTER_FILE/.venv/lib/python3.11/site-packages/pandas/io/parsers/readers.py", line 1442, in __init__
    self._engine = self._make_engine(f, self.engine)
                   ^^^^^^^^^^^^^^^^^^^^^^^^^^^^^^^^^
  File "/Users/dbzummo/Desktop/NFL_MASTER_FILE/.venv/lib/python3.11/site-packages/pandas/io/parsers/readers.py", line 1735, in _make_engine
    self.handles = get_handle(
                   ^^^^^^^^^^^
  File "/Users/dbzummo/Desktop/NFL_MASTER_FILE/.venv/lib/python3.11/site-packages/pandas/io/common.py", line 856, in get_handle
    handle = open(
             ^^^^^
FileNotFoundError: [Errno 2] No such file or directory: 'out/week_predictions.csv'
