{"time": "2025-09-11 11:18:09", "method": "get", "url": "https://api.mysportsfeeds.com/v2.1/pull/nfl/2025-regular/games.json?date=from-20250911-to-20250915", "status": 403, "elapsed_ms": 915}
{"time": "2025-09-11 11:18:09", "method": "get", "url": "https://api.mysportsfeeds.com/v2.1/pull/nfl/2025-regular/game_boxscore.json?game=148741", "status": 403, "elapsed_ms": 92}
{"time": "2025-09-11 11:18:10", "method": "get", "url": "https://api.mysportsfeeds.com/v2.1/pull/nfl/2025-regular/game_playbyplay.json?game=148741", "status": 403, "elapsed_ms": 107}
{"time": "2025-09-11 11:18:10", "method": "get", "url": "https://api.mysportsfeeds.com/v2.1/pull/nfl/2025-regular/game_lineups.json?game=148741", "status": 403, "elapsed_ms": 97}
{"time": "2025-09-11 11:18:10", "method": "get", "url": "https://api.mysportsfeeds.com/v2.1/pull/nfl/2025-regular/game_boxscore.json?game=148742", "status": 403, "elapsed_ms": 93}
{"time": "2025-09-11 11:18:11", "method": "get", "url": "https://api.mysportsfeeds.com/v2.1/pull/nfl/2025-regular/game_playbyplay.json?game=148742", "status": 403, "elapsed_ms": 94}
{"time": "2025-09-11 11:18:11", "method": "get", "url": "https://api.mysportsfeeds.com/v2.1/pull/nfl/2025-regular/game_lineups.json?game=148742", "status": 403, "elapsed_ms": 94}
{"time": "2025-09-11 11:18:11", "method": "get", "url": "https://api.mysportsfeeds.com/v2.1/pull/nfl/2025-regular/game_boxscore.json?game=148743", "status": 403, "elapsed_ms": 95}
{"time": "2025-09-11 11:18:12", "method": "get", "url": "https://api.mysportsfeeds.com/v2.1/pull/nfl/2025-regular/game_playbyplay.json?game=148743", "status": 403, "elapsed_ms": 96}
{"time": "2025-09-11 11:18:12", "method": "get", "url": "https://api.mysportsfeeds.com/v2.1/pull/nfl/2025-regular/game_lineups.json?game=148743", "status": 403, "elapsed_ms": 84}
{"time": "2025-09-11 11:18:12", "method": "get", "url": "https://api.mysportsfeeds.com/v2.1/pull/nfl/2025-regular/game_boxscore.json?game=148744", "status": 403, "elapsed_ms": 86}
{"time": "2025-09-11 11:18:12", "method": "get", "url": "https://api.mysportsfeeds.com/v2.1/pull/nfl/2025-regular/game_playbyplay.json?game=148744", "status": 403, "elapsed_ms": 85}
{"time": "2025-09-11 11:18:13", "method": "get", "url": "https://api.mysportsfeeds.com/v2.1/pull/nfl/2025-regular/game_lineups.json?game=148744", "status": 403, "elapsed_ms": 82}
{"time": "2025-09-11 11:18:13", "method": "get", "url": "https://api.mysportsfeeds.com/v2.1/pull/nfl/2025-regular/game_boxscore.json?game=148745", "status": 403, "elapsed_ms": 83}
{"time": "2025-09-11 11:18:13", "method": "get", "url": "https://api.mysportsfeeds.com/v2.1/pull/nfl/2025-regular/game_playbyplay.json?game=148745", "status": 403, "elapsed_ms": 87}
{"time": "2025-09-11 11:18:14", "method": "get", "url": "https://api.mysportsfeeds.com/v2.1/pull/nfl/2025-regular/game_lineups.json?game=148745", "status": 403, "elapsed_ms": 84}
{"time": "2025-09-11 11:18:14", "method": "get", "url": "https://api.mysportsfeeds.com/v2.1/pull/nfl/2025-regular/game_boxscore.json?game=148746", "status": 403, "elapsed_ms": 81}
{"time": "2025-09-11 11:18:14", "method": "get", "url": "https://api.mysportsfeeds.com/v2.1/pull/nfl/2025-regular/game_playbyplay.json?game=148746", "status": 403, "elapsed_ms": 88}
{"time": "2025-09-11 11:18:15", "method": "get", "url": "https://api.mysportsfeeds.com/v2.1/pull/nfl/2025-regular/game_lineups.json?game=148746", "status": 403, "elapsed_ms": 93}
{"time": "2025-09-11 11:18:15", "method": "get", "url": "https://api.mysportsfeeds.com/v2.1/pull/nfl/2025-regular/game_boxscore.json?game=148747", "status": 403, "elapsed_ms": 97}
{"time": "2025-09-11 11:18:15", "method": "get", "url": "https://api.mysportsfeeds.com/v2.1/pull/nfl/2025-regular/game_playbyplay.json?game=148747", "status": 403, "elapsed_ms": 82}
{"time": "2025-09-11 11:18:15", "method": "get", "url": "https://api.mysportsfeeds.com/v2.1/pull/nfl/2025-regular/game_lineups.json?game=148747", "status": 403, "elapsed_ms": 88}
{"time": "2025-09-11 11:18:16", "method": "get", "url": "https://api.mysportsfeeds.com/v2.1/pull/nfl/2025-regular/game_boxscore.json?game=148748", "status": 403, "elapsed_ms": 92}
{"time": "2025-09-11 11:18:16", "method": "get", "url": "https://api.mysportsfeeds.com/v2.1/pull/nfl/2025-regular/game_playbyplay.json?game=148748", "status": 403, "elapsed_ms": 82}
{"time": "2025-09-11 11:18:16", "method": "get", "url": "https://api.mysportsfeeds.com/v2.1/pull/nfl/2025-regular/game_lineups.json?game=148748", "status": 403, "elapsed_ms": 85}
{"time": "2025-09-11 11:18:17", "method": "get", "url": "https://api.mysportsfeeds.com/v2.1/pull/nfl/2025-regular/game_boxscore.json?game=148749", "status": 403, "elapsed_ms": 93}
{"time": "2025-09-11 11:18:17", "method": "get", "url": "https://api.mysportsfeeds.com/v2.1/pull/nfl/2025-regular/game_playbyplay.json?game=148749", "status": 403, "elapsed_ms": 95}
{"time": "2025-09-11 11:18:17", "method": "get", "url": "https://api.mysportsfeeds.com/v2.1/pull/nfl/2025-regular/game_lineups.json?game=148749", "status": 403, "elapsed_ms": 100}
{"time": "2025-09-11 11:18:18", "method": "get", "url": "https://api.mysportsfeeds.com/v2.1/pull/nfl/2025-regular/game_boxscore.json?game=148755", "status": 403, "elapsed_ms": 108}
{"time": "2025-09-11 11:18:18", "method": "get", "url": "https://api.mysportsfeeds.com/v2.1/pull/nfl/2025-regular/game_playbyplay.json?game=148755", "status": 403, "elapsed_ms": 92}
{"time": "2025-09-11 11:18:18", "method": "get", "url": "https://api.mysportsfeeds.com/v2.1/pull/nfl/2025-regular/game_lineups.json?game=148755", "status": 403, "elapsed_ms": 94}
{"time": "2025-09-11 11:18:18", "method": "get", "url": "https://api.mysportsfeeds.com/v2.1/pull/nfl/2025-regular/game_boxscore.json?game=148750", "status": 403, "elapsed_ms": 85}
{"time": "2025-09-11 11:18:19", "method": "get", "url": "https://api.mysportsfeeds.com/v2.1/pull/nfl/2025-regular/game_playbyplay.json?game=148750", "status": 403, "elapsed_ms": 98}
{"time": "2025-09-11 11:18:19", "method": "get", "url": "https://api.mysportsfeeds.com/v2.1/pull/nfl/2025-regular/game_lineups.json?game=148750", "status": 403, "elapsed_ms": 96}
{"time": "2025-09-11 11:18:19", "method": "get", "url": "https://api.mysportsfeeds.com/v2.1/pull/nfl/2025-regular/game_boxscore.json?game=148751", "status": 403, "elapsed_ms": 88}
{"time": "2025-09-11 11:18:20", "method": "get", "url": "https://api.mysportsfeeds.com/v2.1/pull/nfl/2025-regular/game_playbyplay.json?game=148751", "status": 403, "elapsed_ms": 88}
{"time": "2025-09-11 11:18:20", "method": "get", "url": "https://api.mysportsfeeds.com/v2.1/pull/nfl/2025-regular/game_lineups.json?game=148751", "status": 403, "elapsed_ms": 93}
{"time": "2025-09-11 11:18:20", "method": "get", "url": "https://api.mysportsfeeds.com/v2.1/pull/nfl/2025-regular/game_boxscore.json?game=148752", "status": 403, "elapsed_ms": 96}
{"time": "2025-09-11 11:18:21", "method": "get", "url": "https://api.mysportsfeeds.com/v2.1/pull/nfl/2025-regular/game_playbyplay.json?game=148752", "status": 403, "elapsed_ms": 98}
{"time": "2025-09-11 11:18:21", "method": "get", "url": "https://api.mysportsfeeds.com/v2.1/pull/nfl/2025-regular/game_lineups.json?game=148752", "status": 403, "elapsed_ms": 91}
{"time": "2025-09-11 11:18:21", "method": "get", "url": "https://api.mysportsfeeds.com/v2.1/pull/nfl/2025-regular/game_boxscore.json?game=148753", "status": 403, "elapsed_ms": 90}
{"time": "2025-09-11 11:18:21", "method": "get", "url": "https://api.mysportsfeeds.com/v2.1/pull/nfl/2025-regular/game_playbyplay.json?game=148753", "status": 403, "elapsed_ms": 94}
{"time": "2025-09-11 11:18:22", "method": "get", "url": "https://api.mysportsfeeds.com/v2.1/pull/nfl/2025-regular/game_lineups.json?game=148753", "status": 403, "elapsed_ms": 85}
{"time": "2025-09-11 11:18:22", "method": "get", "url": "https://api.mysportsfeeds.com/v2.1/pull/nfl/2025-regular/game_boxscore.json?game=148754", "status": 403, "elapsed_ms": 84}
{"time": "2025-09-11 11:18:22", "method": "get", "url": "https://api.mysportsfeeds.com/v2.1/pull/nfl/2025-regular/game_playbyplay.json?game=148754", "status": 403, "elapsed_ms": 93}
{"time": "2025-09-11 11:18:23", "method": "get", "url": "https://api.mysportsfeeds.com/v2.1/pull/nfl/2025-regular/game_lineups.json?game=148754", "status": 403, "elapsed_ms": 88}
{"time": "2025-09-11 11:18:23", "method": "get", "url": "https://api.mysportsfeeds.com/v2.1/pull/nfl/2025-regular/game_boxscore.json?game=148756", "status": 403, "elapsed_ms": 86}
{"time": "2025-09-11 11:18:23", "method": "get", "url": "https://api.mysportsfeeds.com/v2.1/pull/nfl/2025-regular/game_playbyplay.json?game=148756", "status": 403, "elapsed_ms": 86}
{"time": "2025-09-11 11:18:23", "method": "get", "url": "https://api.mysportsfeeds.com/v2.1/pull/nfl/2025-regular/game_lineups.json?game=148756", "status": 403, "elapsed_ms": 85}
{"time": "2025-09-11 11:18:24", "method": "get", "url": "https://api.mysportsfeeds.com/v2.1/pull/nfl/2025-regular/player_injuries.json?date=20250911-20250915", "status": 403, "elapsed_ms": 85}
{"time": "2025-09-11 11:18:24", "method": "get", "url": "https://api.mysportsfeeds.com/v1.2/pull/nfl/2025-regular/injuries.json?fordate=20250911", "status": 403, "elapsed_ms": 84}
